<?xml version="1.0" encoding="UTF-8"?>
<!-- Generated by org.testng.reporters.JUnitXMLReporter -->
<testsuite hostname="Tatianas-MacBook-Air.local" ignored="0" name="Test FF" tests="1" failures="1" timestamp="07 Jun 2017 02:38:55 GMT" time="11.45" errors="0">
  <testcase name="parallel_test_FF" time="0.007" classname="ParametersAndParallelTesting.Practice">
    <failure type="java.lang.NullPointerException">
      <![CDATA[java.lang.NullPointerException
	at ParametersAndParallelTesting.Practice_UT.clickLogin(Practice_UT.java:20)
	at ParametersAndParallelTesting.Practice.parallel_test_FF(Practice.java:44)
	at java.util.concurrent.FutureTask.run(FutureTask.java:266)
	at java.util.concurrent.ThreadPoolExecutor.runWorker(ThreadPoolExecutor.java:1142)
	at java.util.concurrent.ThreadPoolExecutor$Worker.run(ThreadPoolExecutor.java:617)
	at java.lang.Thread.run(Thread.java:745)
... Removed 16 stack frames]]>
    </failure>
  </testcase> <!-- parallel_test_FF -->
</testsuite> <!-- Test FF -->
