<?xml version="1.0" encoding="UTF-8"?>
<!-- Generated by org.testng.reporters.JUnitXMLReporter -->
<testsuite hostname="Tatianas-MacBook-Air.local" ignored="0" name="Default test" tests="3" failures="0" timestamp="30 Aug 2017 18:36:10 GMT" time="0.095" errors="0">
  <testcase name="Method1" time="0.022" classname="DataProviders.DataProviders1"/>
  <testcase name="Method1" time="0.001" classname="DataProviders.DataProviders1"/>
  <testcase name="Method1" time="0.001" classname="DataProviders.DataProviders1"/>
</testsuite> <!-- Default test -->
