<?xml version="1.0" encoding="UTF-8"?>
<!-- Generated by org.testng.reporters.JUnitXMLReporter -->
<testsuite hostname="Tatianas-MacBook-Air.local" ignored="0" name="Listeners Test Case 1" tests="2" failures="1" timestamp="08 Jun 2017 19:24:03 GMT" time="0.05" errors="0">
  <testcase name="testMethod1" time="0.008" classname="Listeners.TestNG_ListenersTest1_3"/>
  <testcase name="testMethod2" time="0.006" classname="Listeners.TestNG_ListenersTest1_3">
    <failure type="java.lang.AssertionError" message="expected [true] but found [false]">
      <![CDATA[java.lang.AssertionError: expected [true] but found [false]
	at Listeners.TestNG_ListenersTest1_3.testMethod2(TestNG_ListenersTest1_3.java:24)
... Removed 29 stack frames]]>
    </failure>
  </testcase> <!-- testMethod2 -->
</testsuite> <!-- Listeners Test Case 1 -->
