<?xml version="1.0" encoding="UTF-8"?>
<!-- Generated by org.testng.reporters.JUnitXMLReporter -->
<testsuite hostname="Tatianas-MacBook-Air.local" ignored="0" name="Testing Reports and Logs Demo" tests="3" failures="1" timestamp="26 Jun 2017 19:44:29 GMT" time="0.046" errors="0">
  <testcase name="testMethod2" time="0.008" classname="TestNG_ReportersLogs.TestNG_ReportersAndLogs">
    <failure type="java.lang.AssertionError" message="expected [true] but found [false]">
      <![CDATA[java.lang.AssertionError: expected [true] but found [false]
	at TestNG_ReportersLogs.TestNG_ReportersAndLogs.testMethod2(TestNG_ReportersAndLogs.java:42)
... Removed 29 stack frames]]>
    </failure>
  </testcase> <!-- testMethod2 -->
  <testcase name="testMethod1" time="0.001" classname="TestNG_ReportersLogs.TestNG_ReportersAndLogs"/>
  <testcase name="testMethod3" time="0.0" classname="TestNG_ReportersLogs.TestNG_ReportersAndLogs">
    <skipped/>
  </testcase> <!-- testMethod3 -->
</testsuite> <!-- Testing Reports and Logs Demo -->
