<?xml version="1.0" encoding="UTF-8"?>
<testng-results skipped="0" failed="0" ignored="0" total="3" passed="3">
  <reporter-output>
  </reporter-output>
  <suite name="Default suite" duration-ms="95" started-at="2017-08-30T18:36:05Z" finished-at="2017-08-30T18:36:05Z">
    <groups>
    </groups>
    <test name="Default test" duration-ms="95" started-at="2017-08-30T18:36:05Z" finished-at="2017-08-30T18:36:05Z">
      <class name="DataProviders.DataProviders1">
        <test-method status="PASS" signature="Method1(java.lang.String, java.lang.String)[pri:0, instance:DataProviders.DataProviders1@6d4b1c02]" name="Method1" duration-ms="22" started-at="2017-08-30T14:36:05Z" data-provider="inputs" finished-at="2017-08-30T14:36:05Z">
          <params>
            <param index="0">
              <value>
                <![CDATA[bmw]]>
              </value>
            </param>
            <param index="1">
              <value>
                <![CDATA[m3]]>
              </value>
            </param>
          </params>
          <reporter-output>
          </reporter-output>
        </test-method> <!-- Method1 -->
        <test-method status="PASS" signature="Method1(java.lang.String, java.lang.String)[pri:0, instance:DataProviders.DataProviders1@6d4b1c02]" name="Method1" duration-ms="1" started-at="2017-08-30T14:36:05Z" data-provider="inputs" finished-at="2017-08-30T14:36:05Z">
          <params>
            <param index="0">
              <value>
                <![CDATA[audi]]>
              </value>
            </param>
            <param index="1">
              <value>
                <![CDATA[a6]]>
              </value>
            </param>
          </params>
          <reporter-output>
          </reporter-output>
        </test-method> <!-- Method1 -->
        <test-method status="PASS" signature="Method1(java.lang.String, java.lang.String)[pri:0, instance:DataProviders.DataProviders1@6d4b1c02]" name="Method1" duration-ms="1" started-at="2017-08-30T14:36:05Z" data-provider="inputs" finished-at="2017-08-30T14:36:05Z">
          <params>
            <param index="0">
              <value>
                <![CDATA[benz]]>
              </value>
            </param>
            <param index="1">
              <value>
                <![CDATA[C300]]>
              </value>
            </param>
          </params>
          <reporter-output>
          </reporter-output>
        </test-method> <!-- Method1 -->
      </class> <!-- DataProviders.DataProviders1 -->
    </test> <!-- Default test -->
  </suite> <!-- Default suite -->
</testng-results>
