<?xml version="1.0" encoding="UTF-8"?>
<!-- Generated by org.testng.reporters.JUnitXMLReporter -->
<testsuite hostname="Tatianas-MacBook-Air.local" ignored="0" name="Test 1" tests="4" failures="0" timestamp="06 Jun 2017 17:53:36 GMT" time="0.066" errors="0">
  <testcase name="testMethod1" time="0.018" classname="Preserve_OrderTCsInSuite.TestNG_Preserve1"/>
  <testcase name="testMethod2" time="0.002" classname="Preserve_OrderTCsInSuite.TestNG_Preserve1"/>
  <testcase name="testMethod1" time="0.002" classname="Preserve_OrderTCsInSuite.TestNG_Preserve2"/>
  <testcase name="testMethod2" time="0.002" classname="Preserve_OrderTCsInSuite.TestNG_Preserve2"/>
</testsuite> <!-- Test 1 -->
