<?xml version="1.0" encoding="UTF-8"?>
<!-- Generated by org.testng.reporters.JUnitXMLReporter -->
<testsuite hostname="Tatianas-MacBook-Air.local" ignored="0" name="Test 2" tests="4" failures="0" timestamp="06 Jun 2017 17:53:41 GMT" time="0.013" errors="0">
  <testcase name="testMethod1" time="0.002" classname="Preserve_OrderTCsInSuite.TestNG_Preserve2"/>
  <testcase name="testMethod2" time="0.001" classname="Preserve_OrderTCsInSuite.TestNG_Preserve2"/>
  <testcase name="testMethod1" time="0.001" classname="Preserve_OrderTCsInSuite.TestNG_Preserve1"/>
  <testcase name="testMethod2" time="0.001" classname="Preserve_OrderTCsInSuite.TestNG_Preserve1"/>
</testsuite> <!-- Test 2 -->
