<?xml version="1.0" encoding="UTF-8"?>
<!-- Generated by org.testng.reporters.JUnitXMLReporter -->
<testsuite hostname="Tatianas-MacBook-Air.local" ignored="0" name="Listeners Test Case" tests="2" failures="1" timestamp="07 Jun 2017 22:52:51 GMT" time="0.052" errors="0">
  <testcase name="testMethod1" time="0.011" classname="Listeners.TestNG_ListenersTest1"/>
  <testcase name="testMethod2" time="0.003" classname="Listeners.TestNG_ListenersTest1">
    <failure type="java.lang.AssertionError" message="expected [true] but found [false]">
      <![CDATA[java.lang.AssertionError: expected [true] but found [false]
	at Listeners.TestNG_ListenersTest1.testMethod2(TestNG_ListenersTest1.java:26)
... Removed 29 stack frames]]>
    </failure>
  </testcase> <!-- testMethod2 -->
</testsuite> <!-- Listeners Test Case -->
